<?xml version="1.0" encoding="UTF-8"?>
<!-- Generated by org.testng.reporters.JUnitXMLReporter -->
<testsuite ignored="1" hostname="DESKTOP-2L7QON7" failures="0" tests="3" name="Default test" time="81.576" errors="0" timestamp="2023-07-21T19:48:42 IST">
  <testcase classname="com.app.tests.AppTests" name="verifySignup" time="23.698"/>
  <testcase classname="com.app.tests.AppTests" name="verifySignup" time="22.443"/>
  <testcase classname="com.app.tests.AppTests" name="verifySignup" time="21.921"/>
  <testcase classname="com.app.tests.AppTests" name="verifyLandingPage" time="0.0">
    <ignored/>
  </testcase> <!-- verifyLandingPage -->
</testsuite> <!-- Default test -->
