<?xml version="1.0" encoding="UTF-8"?>
<testng-results ignored="0" total="2" passed="2" failed="0" skipped="0">
  <reporter-output>
  </reporter-output>
  <suite started-at="2023-07-19T20:17:59 IST" name="AppTestsSuite" finished-at="2023-07-19T20:17:59 IST" duration-ms="74">
    <groups>
    </groups>
    <test started-at="2023-07-19T20:17:59 IST" name="Smoke" finished-at="2023-07-19T20:17:59 IST" duration-ms="74">
      <class name="com.app.tests.AppTests">
        <test-method is-config="true" signature="beforeMethod()[pri:0, instance:com.app.tests.AppTests@1af2d44a]" started-at="2023-07-19T20:17:59 IST" name="beforeMethod" finished-at="2023-07-19T20:17:59 IST" duration-ms="6" status="PASS">
          <reporter-output>
          </reporter-output>
        </test-method> <!-- beforeMethod -->
        <test-method signature="verifyLandingPage()[pri:0, instance:com.app.tests.AppTests@1af2d44a]" started-at="2023-07-19T20:17:59 IST" name="verifyLandingPage" finished-at="2023-07-19T20:17:59 IST" duration-ms="5" status="PASS">
          <reporter-output>
          </reporter-output>
        </test-method> <!-- verifyLandingPage -->
        <test-method is-config="true" signature="afterMethod()[pri:0, instance:com.app.tests.AppTests@1af2d44a]" started-at="2023-07-19T20:17:59 IST" name="afterMethod" finished-at="2023-07-19T20:17:59 IST" duration-ms="1" status="PASS">
          <reporter-output>
          </reporter-output>
        </test-method> <!-- afterMethod -->
        <test-method is-config="true" signature="beforeMethod()[pri:0, instance:com.app.tests.AppTests@1af2d44a]" started-at="2023-07-19T20:17:59 IST" name="beforeMethod" finished-at="2023-07-19T20:17:59 IST" duration-ms="0" status="PASS">
          <reporter-output>
          </reporter-output>
        </test-method> <!-- beforeMethod -->
        <test-method signature="verifySignup()[pri:0, instance:com.app.tests.AppTests@1af2d44a]" started-at="2023-07-19T20:17:59 IST" name="verifySignup" finished-at="2023-07-19T20:17:59 IST" duration-ms="1" status="PASS">
          <reporter-output>
          </reporter-output>
        </test-method> <!-- verifySignup -->
        <test-method is-config="true" signature="afterMethod()[pri:0, instance:com.app.tests.AppTests@1af2d44a]" started-at="2023-07-19T20:17:59 IST" name="afterMethod" finished-at="2023-07-19T20:17:59 IST" duration-ms="0" status="PASS">
          <reporter-output>
          </reporter-output>
        </test-method> <!-- afterMethod -->
      </class> <!-- com.app.tests.AppTests -->
    </test> <!-- Smoke -->
  </suite> <!-- AppTestsSuite -->
</testng-results>
