<?xml version="1.0" encoding="UTF-8"?>
<testng-results ignored="0" total="2" passed="2" failed="0" skipped="0">
  <reporter-output>
  </reporter-output>
  <suite started-at="2023-07-20T20:43:59 IST" name="AppTestsSuite" finished-at="2023-07-20T20:44:20 IST" duration-ms="20595">
    <groups>
    </groups>
    <test started-at="2023-07-20T20:43:59 IST" name="Smoke" finished-at="2023-07-20T20:44:20 IST" duration-ms="20595">
      <class name="com.app.tests.AppTests">
        <test-method is-config="true" signature="beforeMethod()[pri:0, instance:com.app.tests.AppTests@543588e6]" started-at="2023-07-20T20:43:59 IST" name="beforeMethod" finished-at="2023-07-20T20:44:02 IST" duration-ms="3064" status="PASS">
          <reporter-output>
          </reporter-output>
        </test-method> <!-- beforeMethod -->
        <test-method signature="verifyLandingPage()[pri:0, instance:com.app.tests.AppTests@543588e6]" started-at="2023-07-20T20:44:02 IST" name="verifyLandingPage" finished-at="2023-07-20T20:44:05 IST" duration-ms="2644" status="PASS">
          <reporter-output>
          </reporter-output>
        </test-method> <!-- verifyLandingPage -->
        <test-method is-config="true" signature="afterMethod()[pri:0, instance:com.app.tests.AppTests@543588e6]" started-at="2023-07-20T20:44:05 IST" name="afterMethod" finished-at="2023-07-20T20:44:06 IST" duration-ms="936" status="PASS">
          <reporter-output>
          </reporter-output>
        </test-method> <!-- afterMethod -->
        <test-method is-config="true" signature="beforeMethod()[pri:0, instance:com.app.tests.AppTests@543588e6]" started-at="2023-07-20T20:44:06 IST" name="beforeMethod" finished-at="2023-07-20T20:44:07 IST" duration-ms="1558" status="PASS">
          <reporter-output>
          </reporter-output>
        </test-method> <!-- beforeMethod -->
        <test-method signature="verifySignup()[pri:0, instance:com.app.tests.AppTests@543588e6]" started-at="2023-07-20T20:44:07 IST" name="verifySignup" finished-at="2023-07-20T20:44:19 IST" duration-ms="11501" status="PASS">
          <reporter-output>
          </reporter-output>
        </test-method> <!-- verifySignup -->
        <test-method is-config="true" signature="afterMethod()[pri:0, instance:com.app.tests.AppTests@543588e6]" started-at="2023-07-20T20:44:19 IST" name="afterMethod" finished-at="2023-07-20T20:44:20 IST" duration-ms="845" status="PASS">
          <reporter-output>
          </reporter-output>
        </test-method> <!-- afterMethod -->
      </class> <!-- com.app.tests.AppTests -->
    </test> <!-- Smoke -->
  </suite> <!-- AppTestsSuite -->
</testng-results>
